2015-07-07 11:11:52,581 - ResourceManager : found html.vm with loader org.apache.velocity.runtime.resource.loader.FileResourceLoader
2015-07-07 11:11:52,582 - Null reference [template 'html.vm', line 8, column 11] : $c_contextpath cannot be resolved.
2015-07-07 11:12:08,776 - ResourceManager : found html.vm with loader org.apache.velocity.runtime.resource.loader.FileResourceLoader
2015-07-07 11:12:08,777 - Null reference [template 'html.vm', line 8, column 11] : $c_contextpath cannot be resolved.
2015-07-07 11:12:58,141 - ResourceManager : found html.vm with loader org.apache.velocity.runtime.resource.loader.FileResourceLoader
2015-07-07 11:12:58,141 - Null reference [template 'html.vm', line 8, column 11] : $c_contextpath cannot be resolved.
2015-07-07 11:13:32,673 - ResourceManager : found html.vm with loader org.apache.velocity.runtime.resource.loader.FileResourceLoader
2015-07-07 11:13:32,673 - Null reference [template 'html.vm', line 8, column 11] : $c_contextpath cannot be resolved.
2015-07-07 11:15:01,533 - ResourceManager : found html.vm with loader org.apache.velocity.runtime.resource.loader.FileResourceLoader
2015-07-07 11:15:01,533 - Null reference [template 'html.vm', line 8, column 11] : $c_contextpath cannot be resolved.
2015-07-07 11:17:19,767 - ResourceManager : found html.vm with loader org.apache.velocity.runtime.resource.loader.FileResourceLoader
2015-07-07 11:17:19,768 - Null reference [template 'html.vm', line 8, column 11] : $c_contextpath cannot be resolved.
2015-07-07 11:22:39,587 - ResourceManager : found html.vm with loader org.apache.velocity.runtime.resource.loader.FileResourceLoader
2015-07-07 11:22:39,588 - Null reference [template 'html.vm', line 8, column 11] : $c_contextpath cannot be resolved.
2015-07-07 11:23:57,798 - ResourceManager : found html.vm with loader org.apache.velocity.runtime.resource.loader.FileResourceLoader
2015-07-07 11:23:57,798 - Null reference [template 'html.vm', line 8, column 11] : $c_contextpath cannot be resolved.
2015-07-07 11:24:25,581 - ResourceManager : found html.vm with loader org.apache.velocity.runtime.resource.loader.FileResourceLoader
2015-07-07 11:24:25,581 - Null reference [template 'html.vm', line 8, column 11] : $c_contextpath cannot be resolved.
2015-07-07 11:24:28,592 - ResourceManager : found html.vm with loader org.apache.velocity.runtime.resource.loader.FileResourceLoader
2015-07-07 11:24:28,592 - Null reference [template 'html.vm', line 8, column 11] : $c_contextpath cannot be resolved.
2015-07-07 11:24:30,939 - ResourceManager : found html.vm with loader org.apache.velocity.runtime.resource.loader.FileResourceLoader
2015-07-07 11:24:30,940 - Null reference [template 'html.vm', line 8, column 11] : $c_contextpath cannot be resolved.
2015-07-07 17:36:03,318 - Log4JLogChute initialized using file 'velocity.log'
2015-07-07 17:36:03,318 - Initializing Velocity, Calling init()...
2015-07-07 17:36:03,318 - Starting Apache Velocity v1.7 (compiled: 2010-11-19 12:14:37)
2015-07-07 17:36:03,318 - Default Properties File: org\apache\velocity\runtime\defaults\velocity.properties
2015-07-07 17:36:03,318 - Trying to use logger class org.apache.velocity.runtime.log.AvalonLogChute
2015-07-07 17:36:03,318 - Target log system for org.apache.velocity.runtime.log.AvalonLogChute is not available (java.lang.NoClassDefFoundError: org/apache/log/format/Formatter).  Falling back to next log system...
2015-07-07 17:36:03,318 - Trying to use logger class org.apache.velocity.runtime.log.Log4JLogChute
2015-07-07 17:36:03,318 - Using logger class org.apache.velocity.runtime.log.Log4JLogChute
2015-07-07 17:36:03,322 - ResourceLoader instantiated: org.apache.velocity.runtime.resource.loader.FileResourceLoader
2015-07-07 17:36:03,322 - Do unicode file recognition:  false
2015-07-07 17:36:03,322 - FileResourceLoader : adding path '/D:/AW/Proj/heroku/wkheroku/dbfexample/target/classes/'
2015-07-07 17:36:03,336 - ResourceCache: initialized (class org.apache.velocity.runtime.resource.ResourceCacheImpl) with class java.util.Collections$SynchronizedMap cache map.
2015-07-07 17:36:03,337 - Loaded System Directive: org.apache.velocity.runtime.directive.Stop
2015-07-07 17:36:03,338 - Loaded System Directive: org.apache.velocity.runtime.directive.Define
2015-07-07 17:36:03,338 - Loaded System Directive: org.apache.velocity.runtime.directive.Break
2015-07-07 17:36:03,339 - Loaded System Directive: org.apache.velocity.runtime.directive.Evaluate
2015-07-07 17:36:03,339 - Loaded System Directive: org.apache.velocity.runtime.directive.Literal
2015-07-07 17:36:03,340 - Loaded System Directive: org.apache.velocity.runtime.directive.Macro
2015-07-07 17:36:03,341 - Loaded System Directive: org.apache.velocity.runtime.directive.Parse
2015-07-07 17:36:03,342 - Loaded System Directive: org.apache.velocity.runtime.directive.Include
2015-07-07 17:36:03,342 - Loaded System Directive: org.apache.velocity.runtime.directive.Foreach
2015-07-07 17:36:03,381 - Created '20' parsers.
2015-07-07 17:36:03,386 - Velocimacro : "velocimacro.library" is not set.  Trying default library: VM_global_library.vm
2015-07-07 17:36:03,386 - Velocimacro : Default library not found.
2015-07-07 17:36:03,386 - Velocimacro : allowInline = true : VMs can be defined inline in templates
2015-07-07 17:36:03,386 - Velocimacro : allowInlineToOverride = false : VMs defined inline may NOT replace previous VM definitions
2015-07-07 17:36:03,386 - Velocimacro : allowInlineLocal = false : VMs defined inline will be global in scope if allowed.
2015-07-07 17:36:03,387 - Velocimacro : autoload off : VM system will not automatically reload global library macros
2015-07-07 17:36:03,402 - ResourceManager : found html.vm with loader org.apache.velocity.runtime.resource.loader.FileResourceLoader
2015-07-07 17:36:03,403 - Null reference [template 'html.vm', line 8, column 11] : $c_contextpath cannot be resolved.
2015-07-07 17:37:17,110 - Log4JLogChute initialized using file 'velocity.log'
2015-07-07 17:37:17,110 - Initializing Velocity, Calling init()...
2015-07-07 17:37:17,110 - Starting Apache Velocity v1.7 (compiled: 2010-11-19 12:14:37)
2015-07-07 17:37:17,111 - Default Properties File: org\apache\velocity\runtime\defaults\velocity.properties
2015-07-07 17:37:17,111 - Trying to use logger class org.apache.velocity.runtime.log.AvalonLogChute
2015-07-07 17:37:17,111 - Target log system for org.apache.velocity.runtime.log.AvalonLogChute is not available (java.lang.NoClassDefFoundError: org/apache/log/format/Formatter).  Falling back to next log system...
2015-07-07 17:37:17,111 - Trying to use logger class org.apache.velocity.runtime.log.Log4JLogChute
2015-07-07 17:37:17,111 - Using logger class org.apache.velocity.runtime.log.Log4JLogChute
2015-07-07 17:37:17,115 - ResourceLoader instantiated: org.apache.velocity.runtime.resource.loader.FileResourceLoader
2015-07-07 17:37:17,116 - Do unicode file recognition:  false
2015-07-07 17:37:17,116 - FileResourceLoader : adding path '/D:/AW/Proj/heroku/wkheroku/dbfexample/target/classes/'
2015-07-07 17:37:17,126 - ResourceCache: initialized (class org.apache.velocity.runtime.resource.ResourceCacheImpl) with class java.util.Collections$SynchronizedMap cache map.
2015-07-07 17:37:17,128 - Loaded System Directive: org.apache.velocity.runtime.directive.Stop
2015-07-07 17:37:17,129 - Loaded System Directive: org.apache.velocity.runtime.directive.Define
2015-07-07 17:37:17,129 - Loaded System Directive: org.apache.velocity.runtime.directive.Break
2015-07-07 17:37:17,130 - Loaded System Directive: org.apache.velocity.runtime.directive.Evaluate
2015-07-07 17:37:17,131 - Loaded System Directive: org.apache.velocity.runtime.directive.Literal
2015-07-07 17:37:17,131 - Loaded System Directive: org.apache.velocity.runtime.directive.Macro
2015-07-07 17:37:17,132 - Loaded System Directive: org.apache.velocity.runtime.directive.Parse
2015-07-07 17:37:17,133 - Loaded System Directive: org.apache.velocity.runtime.directive.Include
2015-07-07 17:37:17,134 - Loaded System Directive: org.apache.velocity.runtime.directive.Foreach
2015-07-07 17:37:17,158 - Created '20' parsers.
2015-07-07 17:37:17,165 - Velocimacro : "velocimacro.library" is not set.  Trying default library: VM_global_library.vm
2015-07-07 17:37:17,165 - Velocimacro : Default library not found.
2015-07-07 17:37:17,165 - Velocimacro : allowInline = true : VMs can be defined inline in templates
2015-07-07 17:37:17,165 - Velocimacro : allowInlineToOverride = false : VMs defined inline may NOT replace previous VM definitions
2015-07-07 17:37:17,165 - Velocimacro : allowInlineLocal = false : VMs defined inline will be global in scope if allowed.
2015-07-07 17:37:17,165 - Velocimacro : autoload off : VM system will not automatically reload global library macros
2015-07-07 17:37:17,180 - ResourceManager : found html.vm with loader org.apache.velocity.runtime.resource.loader.FileResourceLoader
2015-07-07 17:37:17,181 - Null reference [template 'html.vm', line 8, column 11] : $c_contextpath cannot be resolved.
2015-07-07 17:38:56,303 - ResourceManager : found html.vm with loader org.apache.velocity.runtime.resource.loader.FileResourceLoader
2015-07-07 17:38:56,303 - Null reference [template 'html.vm', line 8, column 11] : $c_contextpath cannot be resolved.
2015-07-07 17:39:05,941 - ResourceManager : found html.vm with loader org.apache.velocity.runtime.resource.loader.FileResourceLoader
2015-07-07 17:39:05,941 - Null reference [template 'html.vm', line 8, column 11] : $c_contextpath cannot be resolved.
2015-07-07 17:41:20,743 - ResourceManager : found html.vm with loader org.apache.velocity.runtime.resource.loader.FileResourceLoader
2015-07-07 17:41:20,744 - Null reference [template 'html.vm', line 8, column 11] : $c_contextpath cannot be resolved.
2015-07-07 17:42:31,333 - ResourceManager : found html.vm with loader org.apache.velocity.runtime.resource.loader.FileResourceLoader
2015-07-07 17:42:31,333 - Null reference [template 'html.vm', line 8, column 11] : $c_contextpath cannot be resolved.
2015-07-07 17:43:06,857 - ResourceManager : found html.vm with loader org.apache.velocity.runtime.resource.loader.FileResourceLoader
2015-07-07 17:43:06,857 - Null reference [template 'html.vm', line 8, column 11] : $c_contextpath cannot be resolved.
2015-07-07 17:43:58,996 - ResourceManager : found html.vm with loader org.apache.velocity.runtime.resource.loader.FileResourceLoader
2015-07-07 17:43:58,996 - Null reference [template 'html.vm', line 8, column 11] : $c_contextpath cannot be resolved.
2015-07-07 17:47:00,552 - ResourceManager : found html.vm with loader org.apache.velocity.runtime.resource.loader.FileResourceLoader
2015-07-07 17:47:00,552 - Null reference [template 'html.vm', line 8, column 11] : $c_contextpath cannot be resolved.
2015-07-07 17:47:14,568 - ResourceManager : found html.vm with loader org.apache.velocity.runtime.resource.loader.FileResourceLoader
2015-07-07 17:47:14,568 - Null reference [template 'html.vm', line 8, column 11] : $c_contextpath cannot be resolved.
2015-07-07 21:14:57,509 - ResourceManager : found html.vm with loader org.apache.velocity.runtime.resource.loader.FileResourceLoader
2015-07-07 21:14:57,509 - Null reference [template 'html.vm', line 8, column 11] : $c_contextpath cannot be resolved.
2015-07-07 21:16:29,937 - ResourceManager : found html.vm with loader org.apache.velocity.runtime.resource.loader.FileResourceLoader
2015-07-07 21:16:29,938 - Null reference [template 'html.vm', line 8, column 11] : $c_contextpath cannot be resolved.
2015-07-07 21:16:36,404 - ResourceManager : found html.vm with loader org.apache.velocity.runtime.resource.loader.FileResourceLoader
2015-07-07 21:16:36,404 - Null reference [template 'html.vm', line 8, column 11] : $c_contextpath cannot be resolved.
2015-07-07 21:17:04,785 - ResourceManager : found html.vm with loader org.apache.velocity.runtime.resource.loader.FileResourceLoader
2015-07-07 21:17:04,785 - Null reference [template 'html.vm', line 8, column 11] : $c_contextpath cannot be resolved.
2015-07-07 21:17:35,885 - ResourceManager : found html.vm with loader org.apache.velocity.runtime.resource.loader.FileResourceLoader
2015-07-07 21:17:35,885 - Null reference [template 'html.vm', line 8, column 11] : $c_contextpath cannot be resolved.
2015-07-07 21:18:30,744 - ResourceManager : found html.vm with loader org.apache.velocity.runtime.resource.loader.FileResourceLoader
2015-07-07 21:18:30,745 - Null reference [template 'html.vm', line 8, column 11] : $c_contextpath cannot be resolved.
2015-07-07 21:19:02,039 - ResourceManager : found html.vm with loader org.apache.velocity.runtime.resource.loader.FileResourceLoader
2015-07-07 21:19:02,040 - Null reference [template 'html.vm', line 8, column 11] : $c_contextpath cannot be resolved.
2015-07-07 21:19:46,711 - ResourceManager : found html.vm with loader org.apache.velocity.runtime.resource.loader.FileResourceLoader
2015-07-07 21:19:46,711 - Null reference [template 'html.vm', line 8, column 11] : $c_contextpath cannot be resolved.
2015-07-07 21:20:40,929 - Log4JLogChute initialized using file 'velocity.log'
2015-07-07 21:20:40,929 - Initializing Velocity, Calling init()...
2015-07-07 21:20:40,929 - Starting Apache Velocity v1.7 (compiled: 2010-11-19 12:14:37)
2015-07-07 21:20:40,929 - Default Properties File: org\apache\velocity\runtime\defaults\velocity.properties
2015-07-07 21:20:40,929 - Trying to use logger class org.apache.velocity.runtime.log.AvalonLogChute
2015-07-07 21:20:40,929 - Target log system for org.apache.velocity.runtime.log.AvalonLogChute is not available (java.lang.NoClassDefFoundError: org/apache/log/format/Formatter).  Falling back to next log system...
2015-07-07 21:20:40,929 - Trying to use logger class org.apache.velocity.runtime.log.Log4JLogChute
2015-07-07 21:20:40,929 - Using logger class org.apache.velocity.runtime.log.Log4JLogChute
2015-07-07 21:20:40,933 - ResourceLoader instantiated: org.apache.velocity.runtime.resource.loader.FileResourceLoader
2015-07-07 21:20:40,933 - Do unicode file recognition:  false
2015-07-07 21:20:40,933 - FileResourceLoader : adding path '/D:/AW/Proj/heroku/wkheroku/dbfexample/target/classes/'
2015-07-07 21:20:40,947 - ResourceCache: initialized (class org.apache.velocity.runtime.resource.ResourceCacheImpl) with class java.util.Collections$SynchronizedMap cache map.
2015-07-07 21:20:40,949 - Loaded System Directive: org.apache.velocity.runtime.directive.Stop
2015-07-07 21:20:40,950 - Loaded System Directive: org.apache.velocity.runtime.directive.Define
2015-07-07 21:20:40,951 - Loaded System Directive: org.apache.velocity.runtime.directive.Break
2015-07-07 21:20:40,952 - Loaded System Directive: org.apache.velocity.runtime.directive.Evaluate
2015-07-07 21:20:40,952 - Loaded System Directive: org.apache.velocity.runtime.directive.Literal
2015-07-07 21:20:40,953 - Loaded System Directive: org.apache.velocity.runtime.directive.Macro
2015-07-07 21:20:40,954 - Loaded System Directive: org.apache.velocity.runtime.directive.Parse
2015-07-07 21:20:40,955 - Loaded System Directive: org.apache.velocity.runtime.directive.Include
2015-07-07 21:20:40,956 - Loaded System Directive: org.apache.velocity.runtime.directive.Foreach
2015-07-07 21:20:40,992 - Created '20' parsers.
2015-07-07 21:20:40,996 - Velocimacro : "velocimacro.library" is not set.  Trying default library: VM_global_library.vm
2015-07-07 21:20:40,996 - Velocimacro : Default library not found.
2015-07-07 21:20:40,996 - Velocimacro : allowInline = true : VMs can be defined inline in templates
2015-07-07 21:20:40,996 - Velocimacro : allowInlineToOverride = false : VMs defined inline may NOT replace previous VM definitions
2015-07-07 21:20:40,996 - Velocimacro : allowInlineLocal = false : VMs defined inline will be global in scope if allowed.
2015-07-07 21:20:40,996 - Velocimacro : autoload off : VM system will not automatically reload global library macros
2015-07-07 21:20:41,005 - ResourceManager : found html.vm with loader org.apache.velocity.runtime.resource.loader.FileResourceLoader
2015-07-07 21:20:41,006 - Null reference [template 'html.vm', line 8, column 11] : $c_contextpath cannot be resolved.
2015-07-07 21:20:57,730 - ResourceManager : found html.vm with loader org.apache.velocity.runtime.resource.loader.FileResourceLoader
2015-07-07 21:20:57,731 - Null reference [template 'html.vm', line 8, column 11] : $c_contextpath cannot be resolved.
2015-07-07 21:21:49,070 - ResourceManager : found html.vm with loader org.apache.velocity.runtime.resource.loader.FileResourceLoader
2015-07-07 21:21:49,070 - Null reference [template 'html.vm', line 8, column 11] : $c_contextpath cannot be resolved.
